<?xml version="1.0" encoding="UTF-8"?>
<!-- Generated by org.testng.reporters.JUnitXMLReporter -->
<testsuite hostname="DESKTOP-QK2T4EG" ignored="0" name="Test" tests="7" failures="0" timestamp="2021-12-18T09:41:09 IST" time="50.867" errors="0">
  <testcase name="verifyloginToMyAccount" time="4.242" classname="com.atipune.pom.testpages.MyAccountsPageTests"/>
  <testcase name="verfiyLogoutToMyAccount" time="4.919" classname="com.atipune.pom.testpages.MyAccountsPageTests"/>
  <testcase name="verifyHomePageTitle" time="0.118" classname="com.atipune.pom.testpages.HomePageTests"/>
  <testcase name="verifyNewArrivalsDisplayed" time="0.419" classname="com.atipune.pom.testpages.HomePageTests"/>
  <testcase name="verifyFirstBookTitle" time="0.054" classname="com.atipune.pom.testpages.HomePageTests"/>
  <testcase name="verifySecondBookTitle" time="0.064" classname="com.atipune.pom.testpages.HomePageTests"/>
  <testcase name="verifyThrirdBookTitle" time="0.057" classname="com.atipune.pom.testpages.HomePageTests"/>
</testsuite> <!-- Test -->
