<?xml version="1.0" encoding="UTF-8"?>
<testng-results skipped="0" failed="0" ignored="0" total="7" passed="7">
  <reporter-output>
  </reporter-output>
  <suite name="Suite" duration-ms="50867" started-at="2021-12-18T09:40:18 IST" finished-at="2021-12-18T09:41:09 IST">
    <groups>
    </groups>
    <test name="Test" duration-ms="50867" started-at="2021-12-18T09:40:18 IST" finished-at="2021-12-18T09:41:09 IST">
      <class name="com.atipune.pom.testpages.MyAccountsPageTests">
        <test-method status="PASS" signature="Setup()[pri:0, instance:com.atipune.pom.testpages.MyAccountsPageTests@1e6d1014]" name="Setup" is-config="true" duration-ms="16464" started-at="2021-12-18T09:40:18 IST" finished-at="2021-12-18T09:40:34 IST">
          <reporter-output>
          </reporter-output>
        </test-method> <!-- Setup -->
        <test-method status="PASS" signature="verifyloginToMyAccount()[pri:1, instance:com.atipune.pom.testpages.MyAccountsPageTests@1e6d1014]" name="verifyloginToMyAccount" duration-ms="4242" started-at="2021-12-18T09:40:34 IST" finished-at="2021-12-18T09:40:39 IST">
          <reporter-output>
          </reporter-output>
        </test-method> <!-- verifyloginToMyAccount -->
        <test-method status="PASS" signature="verfiyLogoutToMyAccount()[pri:2, instance:com.atipune.pom.testpages.MyAccountsPageTests@1e6d1014]" name="verfiyLogoutToMyAccount" duration-ms="4919" started-at="2021-12-18T09:40:39 IST" finished-at="2021-12-18T09:40:44 IST">
          <reporter-output>
          </reporter-output>
        </test-method> <!-- verfiyLogoutToMyAccount -->
        <test-method status="PASS" signature="tearDown()[pri:0, instance:com.atipune.pom.testpages.MyAccountsPageTests@1e6d1014]" name="tearDown" is-config="true" duration-ms="1195" started-at="2021-12-18T09:40:44 IST" finished-at="2021-12-18T09:40:45 IST">
          <reporter-output>
          </reporter-output>
        </test-method> <!-- tearDown -->
      </class> <!-- com.atipune.pom.testpages.MyAccountsPageTests -->
      <class name="com.atipune.pom.testpages.HomePageTests">
        <test-method status="PASS" signature="Setup()[pri:0, instance:com.atipune.pom.testpages.HomePageTests@26aa12dd]" name="Setup" is-config="true" duration-ms="21993" started-at="2021-12-18T09:40:45 IST" finished-at="2021-12-18T09:41:07 IST">
          <reporter-output>
          </reporter-output>
        </test-method> <!-- Setup -->
        <test-method status="PASS" signature="verifyHomePageTitle()[pri:1, instance:com.atipune.pom.testpages.HomePageTests@26aa12dd]" name="verifyHomePageTitle" duration-ms="118" started-at="2021-12-18T09:41:07 IST" finished-at="2021-12-18T09:41:07 IST">
          <reporter-output>
          </reporter-output>
        </test-method> <!-- verifyHomePageTitle -->
        <test-method status="PASS" signature="verifyNewArrivalsDisplayed()[pri:2, instance:com.atipune.pom.testpages.HomePageTests@26aa12dd]" name="verifyNewArrivalsDisplayed" duration-ms="419" started-at="2021-12-18T09:41:07 IST" finished-at="2021-12-18T09:41:07 IST">
          <reporter-output>
          </reporter-output>
        </test-method> <!-- verifyNewArrivalsDisplayed -->
        <test-method status="PASS" signature="verifyFirstBookTitle()[pri:3, instance:com.atipune.pom.testpages.HomePageTests@26aa12dd]" name="verifyFirstBookTitle" duration-ms="54" started-at="2021-12-18T09:41:07 IST" finished-at="2021-12-18T09:41:07 IST">
          <reporter-output>
          </reporter-output>
        </test-method> <!-- verifyFirstBookTitle -->
        <test-method status="PASS" signature="verifySecondBookTitle()[pri:4, instance:com.atipune.pom.testpages.HomePageTests@26aa12dd]" name="verifySecondBookTitle" duration-ms="64" started-at="2021-12-18T09:41:07 IST" finished-at="2021-12-18T09:41:07 IST">
          <reporter-output>
          </reporter-output>
        </test-method> <!-- verifySecondBookTitle -->
        <test-method status="PASS" signature="verifyThrirdBookTitle()[pri:5, instance:com.atipune.pom.testpages.HomePageTests@26aa12dd]" name="verifyThrirdBookTitle" duration-ms="57" started-at="2021-12-18T09:41:07 IST" finished-at="2021-12-18T09:41:08 IST">
          <reporter-output>
          </reporter-output>
        </test-method> <!-- verifyThrirdBookTitle -->
        <test-method status="PASS" signature="tearDown()[pri:0, instance:com.atipune.pom.testpages.HomePageTests@26aa12dd]" name="tearDown" is-config="true" duration-ms="1262" started-at="2021-12-18T09:41:08 IST" finished-at="2021-12-18T09:41:09 IST">
          <reporter-output>
          </reporter-output>
        </test-method> <!-- tearDown -->
      </class> <!-- com.atipune.pom.testpages.HomePageTests -->
    </test> <!-- Test -->
  </suite> <!-- Suite -->
</testng-results>
