<?xml version="1.0" encoding="UTF-8"?>
<testsuite xmlns:xsi="http://www.w3.org/2001/XMLSchema-instance" xsi:noNamespaceSchemaLocation="https://maven.apache.org/surefire/maven-surefire-plugin/xsd/surefire-test-report-3.0.xsd" version="3.0" name="TestSuite" time="52.224" tests="7" errors="0" skipped="0" failures="0">
  <properties>
[...]
</properties>
  <testcase name="verifyloginToMyAccount" classname="com.atipune.pom.testpages.MyAccountsPageTests" time="4.237">
    <system-err><![CDATA[Starting ChromeDriver 96.0.4664.45 (76e4c1bb2ab4671b8beba3444e61c0f17584b2fc-refs/branch-heads/4664@{#947}) on port 48159
Only local connections are allowed.
Please see https://chromedriver.chromium.org/security-considerations for suggestions on keeping ChromeDriver safe.
ChromeDriver was started successfully.
Dec 18, 2021 9:40:22 AM org.openqa.selenium.remote.ProtocolHandshake createSession
INFO: Detected dialect: W3C
]]></system-err>
  </testcase>
  <testcase name="verfiyLogoutToMyAccount" classname="com.atipune.pom.testpages.MyAccountsPageTests" time="4.922"/>
  <testcase name="verifyHomePageTitle" classname="com.atipune.pom.testpages.HomePageTests" time="0.084">
    <system-err><![CDATA[Starting ChromeDriver 96.0.4664.45 (76e4c1bb2ab4671b8beba3444e61c0f17584b2fc-refs/branch-heads/4664@{#947}) on port 23849
Only local connections are allowed.
Please see https://chromedriver.chromium.org/security-considerations for suggestions on keeping ChromeDriver safe.
ChromeDriver was started successfully.
Dec 18, 2021 9:40:47 AM org.openqa.selenium.remote.ProtocolHandshake createSession
INFO: Detected dialect: W3C
]]></system-err>
  </testcase>
  <testcase name="verifyNewArrivalsDisplayed" classname="com.atipune.pom.testpages.HomePageTests" time="0.419"/>
  <testcase name="verifyFirstBookTitle" classname="com.atipune.pom.testpages.HomePageTests" time="0.054"/>
  <testcase name="verifySecondBookTitle" classname="com.atipune.pom.testpages.HomePageTests" time="0.063"/>
  <testcase name="verifyThrirdBookTitle" classname="com.atipune.pom.testpages.HomePageTests" time="0.057"/>
</testsuite>